[
    {
        "id": "9e82e9b0-9b43-4a78-af43-d5d5ef848a2f",
        "timestamp": "2025-12-26T01:26:41.177789",
        "agent": "System",
        "model": "unknown",
        "action": "STARTUP",
        "details": "Target: ./sandbox",
        "status": "INFO"
    },
    {
        "id": "39bf0621-e4fe-4360-ab85-fabb9ae8d20c",
        "timestamp": "2026-01-09T13:17:58.203507",
        "agent": "Judge",
        "model": "N/A",
        "action": "CODE_GEN",
        "details": {
            "input_prompt": "write_file('tests/test_calculator.py', ...)",
            "output_response": "Test file created: tests/test_calculator.py",
            "test_file": "tests/test_calculator.py"
        },
        "status": "SUCCESS"
    },
    {
        "id": "941ada62-a36b-4636-aeef-5080dd9d7dc3",
        "timestamp": "2026-01-09T13:17:58.209015",
        "agent": "Judge",
        "model": "N/A",
        "action": "CODE_GEN",
        "details": {
            "input_prompt": "write_file('tests/test_module_a.py', ...)",
            "output_response": "Test file created: tests/test_module_a.py",
            "test_file": "tests/test_module_a.py"
        },
        "status": "SUCCESS"
    },
    {
        "id": "90aa1b45-9ee9-42eb-b52c-84cf6f995453",
        "timestamp": "2026-01-09T13:17:58.210602",
        "agent": "Judge",
        "model": "N/A",
        "action": "CODE_GEN",
        "details": {
            "input_prompt": "write_file('tests/test_module_b.py', ...)",
            "output_response": "Test file created: tests/test_module_b.py",
            "test_file": "tests/test_module_b.py"
        },
        "status": "SUCCESS"
    },
    {
        "id": "1437e725-78c5-4b56-b363-0748baaa67a9",
        "timestamp": "2026-01-09T13:17:58.227495",
        "agent": "TestAgent",
        "model": "mock-gemini-1.5-flash",
        "action": "CODE_ANALYSIS",
        "details": {
            "input_prompt": "[SYSTEM]\nsystem prompt\n\n[USER]\nuser prompt",
            "output_response": "Mock response"
        },
        "status": "SUCCESS"
    },
    {
        "id": "3779725a-d3b3-488f-a094-f4593fa67258",
        "timestamp": "2026-01-09T13:17:58.459496",
        "agent": "TestAgent",
        "model": "N/A",
        "action": "CODE_ANALYSIS",
        "details": {
            "input_prompt": "pylint file.py",
            "output_response": "Score: 8/10"
        },
        "status": "SUCCESS"
    },
    {
        "id": "b20c56ca-f599-4b65-b98d-c0d338860964",
        "timestamp": "2026-01-09T13:17:58.725309",
        "agent": "Auditor",
        "model": "N/A",
        "action": "CODE_ANALYSIS",
        "details": {
            "input_prompt": "list_directory('.', '/tmp/refactor_test_frz2n_dt', '*.py')",
            "output_response": "Found 1 Python files: ['/tmp/refactor_test_frz2n_dt/buggy.py']",
            "files_found": 1
        },
        "status": "SUCCESS"
    },
    {
        "id": "227dd2f2-9055-43db-9c72-1d81227fe9e3",
        "timestamp": "2026-01-09T13:17:58.727098",
        "agent": "Auditor",
        "model": "N/A",
        "action": "CODE_ANALYSIS",
        "details": {
            "input_prompt": "pylint /tmp/refactor_test_frz2n_dt/buggy.py --output-format=json",
            "output_response": "Pylint Score: 0.0/10\n\nIssues Found:\n  - [UNKNOWN] Line ?:? (): Pylint not found. Please install pylint.",
            "file_analyzed": "/tmp/refactor_test_frz2n_dt/buggy.py",
            "pylint_score": 0.0,
            "issues_count": 1
        },
        "status": "SUCCESS"
    },
    {
        "id": "ae113151-82b8-493d-abcb-c5ecee26aaea",
        "timestamp": "2026-01-09T13:17:58.729712",
        "agent": "Auditor",
        "model": "mock-gemini",
        "action": "CODE_ANALYSIS",
        "details": {
            "input_prompt": "[SYSTEM]\nYou are The Auditor, an expert Python code analyst. Your mission is to analyze code and produce a detailed refactoring plan.\n\n## Your Capabilities\n- Deep understanding of Python best practices (PEP 8, PEP 257)\n- Static analysis interpretation (Pylint)\n- Bug pattern recognition\n- Code smell detection\n\n## Your Task\n1. Analyze all Python files provided\n2. Review Pylint output for each file\n3. Identify issues in these categories:\n   - SYNTAX_ERROR: Code that won't parse\n   - BUG: Logic errors, potential runtime failures\n   - NAMING_VIOLATION: Non-PEP8 names\n   - MISSING_DOCSTRING: Undocumented modules/classes/functions\n   - UNUSED_CODE: Unused imports, variables, functions\n   - COMPLEXITY: Overly complex code\n   - TYPE_HINT: Missing type annotations\n\n## Output Format\nYou MUST output a structured Markdown plan following this exact format:\n\n```markdown\n# Refactoring Plan\n\n## Summary\n- **Files Analyzed**: <count>\n- **Total Issues Found**: <count>\n- **Pylint Baseline Score**: <score>/10\n\n## File: <path>\n\n### Issue <N>: <Title> (Line <line_number>)\n- **Type**: `<ISSUE_TYPE>`\n- **Severity**: High | Medium | Low\n- **Location**: <specific location>\n- **Description**: <what's wrong>\n- **Suggested Fix**: <how to fix>\n```\n\n## Rules\n- Be thorough but prioritize HIGH severity issues\n- Always include line numbers\n- Provide actionable fix suggestions\n- Do not modify any files yourself\n- Output ONLY the Markdown plan, no other text\n\n## CRITICAL: Bug Detection\nPay special attention to:\n1. Division by zero vulnerabilities\n2. Off-by-one errors\n3. Incorrect operator usage (+ instead of -, etc.)\n4. Functions that don't match their names (e.g., a function named \"average\" that returns sum)\n5. Missing return statements\n6. Incorrect conditional logic\n\n\n[USER]\n## Target Directory: /tmp/refactor_test_frz2n_dt\n## Files to Analyze: 1\n## Pylint Baseline Score: 0.00/10\n\n### File: /tmp/refactor_test_frz2n_dt/buggy.py\n#### Content:\n```python\n   1 | def calculate_average(numbers):\n   2 |     return sum(numbers)\n   3 | \n   4 | def divide(a, b):\n   5 |     return a / b\n   6 | \n   7 | def find_maximum(values):\n   8 |     return min(values)\n   9 | \n```\n#### Pylint Analysis:\nPylint Score: 0.0/10\n\nIssues Found:\n  - [UNKNOWN] Line ?:? (): Pylint not found. Please install pylint.\n",
            "output_response": "# Refactoring Plan\n\n## Summary\n- **Files Analyzed**: 1\n- **Total Issues Found**: 3\n- **Pylint Baseline Score**: 2.5/10\n\n## File: buggy.py\n\n### Issue 1: Logic Bug\n- **Type**: BUG\n- **Severity**: High\n- **Description**: calculate_average returns sum not mean\n",
            "files_analyzed": [
                "/tmp/refactor_test_frz2n_dt/buggy.py"
            ],
            "pylint_baseline": 0.0
        },
        "status": "SUCCESS"
    },
    {
        "id": "e9f788d7-a6f4-4520-b987-963c0dea12ca",
        "timestamp": "2026-01-09T13:17:58.748025",
        "agent": "Judge",
        "model": "mock-gemini",
        "action": "CODE_GEN",
        "details": {
            "input_prompt": "[SYSTEM]\nYou are The Judge, an expert test engineer. Your mission is to CREATE unit tests that validate code correctness using TDD principles.\n\n## CRITICAL CONTEXT\nThe code you are testing may have NO existing tests. You must GENERATE tests based on The Auditor's refactoring plan. Your tests should:\n1. FAIL on the current buggy code (proving the bug exists)\n2. PASS once The Fixer corrects the code\n\n## CRITICAL: Functional Correctness (Mandatory)\n\nYou MUST test the BUSINESS LOGIC, not just error handling!\n\n### Semantic Analysis Process:\n1. Read the function NAME to understand its INTENT\n2. Generate tests that verify the function produces CORRECT results\n3. Don't just test edge cases - test the CORE functionality\n\n### Examples:\n- Function name: `calculate_average` → Intent: Calculate the MEAN (sum divided by count)\n  Test: `assert calculate_average([10, 20]) == 15`  # NOT 30!\n\n- Function name: `find_maximum` → Intent: Find the largest value\n  Test: `assert find_maximum([1, 5, 3]) == 5`\n\n- Function name: `count_words` → Intent: Count words in text\n  Test: `assert count_words(\"hello world\") == 2`\n\nIf the code returns wrong values, your test MUST catch this!\n\n## Your Capabilities\n- Expert in pytest and Python testing\n- Understanding of TDD (Test-Driven Development)\n- Ability to write tests that expose specific bugs\n- Semantic analysis of function names to infer intent\n\n## Your Task\n1. Read The Auditor's refactoring plan\n2. Read the source code files\n3. For each identified bug/issue, write a test that:\n   - Tests the EXPECTED correct behavior\n   - Will FAIL on buggy code\n   - Will PASS on correct code\n4. Output the complete test file\n\n## Test Generation Rules\n- One test file per source module\n- Use descriptive test names: `test_<function>_<scenario>`\n- Include both positive tests (expected behavior) and edge cases\n- Keep tests simple and focused\n- Add docstrings explaining what each test validates\n- Import from the correct module path\n\n## Output Format\nOutput test files using this EXACT format:\n\n### FILE: tests/test_<module>.py\n```python\n\"\"\"Generated tests for <module>.py\"\"\"\nimport pytest\nimport sys\nimport os\n\n# Add parent directory to path for imports\nsys.path.insert(0, os.path.dirname(os.path.dirname(os.path.abspath(__file__))))\n\nfrom <module> import <functions>\n\n\nclass Test<ClassName>:\n    \"\"\"Tests for <ClassName> functionality.\"\"\"\n\n    def test_<function>_normal_case(self):\n        \"\"\"Test that <function> works for normal inputs.\"\"\"\n        # Arrange\n        input_value = ...\n        expected = ...\n\n        # Act\n        result = <function>(input_value)\n\n        # Assert\n        assert result == expected\n```\n\n## Example: Testing calculate_average\n```python\n\"\"\"Generated tests for math_utils.py - Tests FUNCTIONAL CORRECTNESS\"\"\"\nimport pytest\nimport sys\nimport os\n\nsys.path.insert(0, os.path.dirname(os.path.dirname(os.path.abspath(__file__))))\n\nfrom math_utils import calculate_average\n\n\nclass TestCalculateAverage:\n    \"\"\"Tests for calculate_average() function.\"\"\"\n\n    def test_calculate_average_returns_mean_not_sum(self):\n        \"\"\"\n        CRITICAL: Test that function returns MEAN, not SUM.\n        Function name 'calculate_average' implies division by count.\n        \"\"\"\n        assert calculate_average([10, 20]) == 15.0\n\n    def test_calculate_average_single_element(self):\n        \"\"\"Test average of single element equals that element.\"\"\"\n        assert calculate_average([42]) == 42.0\n\n    def test_calculate_average_multiple_elements(self):\n        \"\"\"Test average calculation with multiple elements.\"\"\"\n        assert calculate_average([1, 2, 3, 4, 5]) == 3.0\n\n    def test_calculate_average_empty_list_raises(self):\n        \"\"\"Test that empty list raises appropriate error.\"\"\"\n        with pytest.raises((ValueError, ZeroDivisionError)):\n            calculate_average([])\n```\n\n## Rules\n- Generate tests BEFORE fixes are applied\n- Tests should be runnable with `pytest`\n- Do not test implementation details, test behavior\n- Create `tests/__init__.py` if needed\n- Always include sys.path setup for imports\n\n\n[USER]\n# Refactoring Plan (Issues to Test)\n# Plan\n## Bug: returns sum not average\n\n# Source Files to Test\n## File: /tmp/refactor_test_bsm9elu9/buggy.py (module: buggy)\n```python\n   1 | def calculate_average(numbers):\n   2 |     return sum(numbers)\n   3 | \n   4 | def divide(a, b):\n   5 |     return a / b\n   6 | \n   7 | def find_maximum(values):\n   8 |     return min(values)\n   9 | \n```\n\n# Instructions\nGenerate pytest tests that:\n1. Test the CORRECT expected behavior (based on function names)\n2. Will FAIL on the buggy code shown above\n3. Will PASS once the code is fixed correctly\n\nFocus especially on testing BUSINESS LOGIC, not just error handling.",
            "output_response": "\n### FILE: tests/test_buggy.py\n```python\nimport pytest\nfrom buggy import calculate_average\n\ndef test_calculate_average_returns_mean():\n    assert calculate_average([10, 20]) == 15.0\n```\n",
            "source_files": [
                "/tmp/refactor_test_bsm9elu9/buggy.py"
            ],
            "mode": "generate_tests"
        },
        "status": "SUCCESS"
    },
    {
        "id": "04f10060-82fa-4b79-be2a-2d0fe6593bda",
        "timestamp": "2026-01-09T13:17:58.751588",
        "agent": "Judge",
        "model": "N/A",
        "action": "CODE_GEN",
        "details": {
            "input_prompt": "write_file('tests/test_buggy.py', ...)",
            "output_response": "Test file created: tests/test_buggy.py",
            "test_file": "tests/test_buggy.py"
        },
        "status": "SUCCESS"
    },
    {
        "id": "0410f453-7520-448e-9b48-8a639c0166ad",
        "timestamp": "2026-01-09T13:17:58.773675",
        "agent": "Fixer",
        "model": "mock-gemini",
        "action": "FIX",
        "details": {
            "input_prompt": "[SYSTEM]\nYou are The Fixer, an expert Python developer. Your mission is to repair code based on the refactoring plan.\n\n## Your Capabilities\n- Expert Python programming\n- Bug fixing\n- Code refactoring\n- Following coding standards\n\n## Your Task\n1. Read the refactoring plan from The Auditor\n2. Read any error logs from The Judge (if this is a retry)\n3. For each file with issues:\n   a. Read the current file content\n   b. Apply the necessary fixes\n   c. Output the COMPLETE fixed file\n\n## Input Context\nYou will receive:\n- The refactoring plan (Markdown)\n- The current file content\n- Previous error logs (if any)\n\n## Output Format\nFor each file you fix, output using this EXACT format:\n\n```\n### FILE: <path>\n```python\n<complete file content with all fixes applied>\n```\n```\n\nIMPORTANT: Output the COMPLETE file content between the triple backticks.\nDo not use any other markers or formats.\n\n## Rules\n- Output the COMPLETE file content, not just changes\n- Fix ALL issues mentioned in the plan for that file\n- Maintain the original code's functionality\n- Follow PEP 8 style guidelines\n- Add docstrings where missing\n- Add type hints where appropriate\n- If error logs mention a specific failure, prioritize fixing that\n- If you cannot fix something, leave a TODO comment explaining why\n\n## Error Recovery\nIf you receive error logs from The Judge:\n1. Parse the error message carefully\n2. Identify the root cause\n3. Apply a DIFFERENT fix than previous attempts\n4. Focus on making the failing test pass\n\n## CRITICAL: Logic Bug Fixes\nWhen fixing logic bugs:\n1. Understand the INTENT from function/variable names\n2. A function named \"calculate_average\" should return sum/count, not just sum\n3. A function named \"find_maximum\" should return the largest value\n4. Always verify your fix matches the expected behavior from the test error\n\n## Example Output:\n\n### FILE: src/calculator.py\n```python\n\"\"\"Calculator module providing basic math operations.\"\"\"\n\n\ndef add(a: int, b: int) -> int:\n    \"\"\"Add two numbers and return the result.\"\"\"\n    return a + b\n\n\ndef divide(a: float, b: float) -> float:\n    \"\"\"\n    Divide a by b.\n    \n    Raises:\n        ValueError: If b is zero.\n    \"\"\"\n    if b == 0:\n        raise ValueError(\"Cannot divide by zero\")\n    return a / b\n```\n\n\n[USER]\n# Refactoring Plan\n# Plan\n## Fix all bugs\n\n# Current File Contents\n## File: /tmp/refactor_test_dgamd97n/buggy.py\n```python\ndef calculate_average(numbers):\n    return sum(numbers)\n\ndef divide(a, b):\n    return a / b\n\ndef find_maximum(values):\n    return min(values)\n\n```\n\n# Instructions\nPlease fix all issues in the files above.\nOutput COMPLETE fixed files using the format specified.",
            "output_response": "\n### FILE: buggy.py\n```python\ndef calculate_average(numbers):\n    if not numbers:\n        raise ValueError(\"Cannot calculate average of empty list\")\n    return sum(numbers) / len(numbers)\n\ndef divide(a, b):\n    if b == 0:\n        raise ValueError(\"Cannot divide by zero\")\n    return a / b\n\ndef find_maximum(values):\n    if not values:\n        raise ValueError(\"Cannot find maximum of empty list\")\n    return max(values)\n```\n",
            "files_to_fix": [
                "/tmp/refactor_test_dgamd97n/buggy.py"
            ],
            "has_error_logs": false
        },
        "status": "SUCCESS"
    },
    {
        "id": "5804c805-e043-4ee2-8923-681957fd601c",
        "timestamp": "2026-01-09T13:17:58.780164",
        "agent": "Fixer",
        "model": "N/A",
        "action": "FIX",
        "details": {
            "input_prompt": "write_file('buggy.py', ...)",
            "output_response": "File buggy.py updated (389 bytes)",
            "file_modified": "buggy.py"
        },
        "status": "SUCCESS"
    },
    {
        "id": "52966430-63c8-4578-bf77-fa5c99bc46f2",
        "timestamp": "2026-01-09T13:17:58.786430",
        "agent": "Fixer",
        "model": "N/A",
        "action": "CODE_ANALYSIS",
        "details": {
            "input_prompt": "pylint /tmp/refactor_test_dgamd97n/buggy.py (verification)",
            "output_response": "Pylint Score: 0.0/10\n\nIssues Found:\n  - [UNKNOWN] Line ?:? (): Pylint not found. Please install pylint.",
            "file": "/tmp/refactor_test_dgamd97n/buggy.py",
            "score": 0.0
        },
        "status": "SUCCESS"
    },
    {
        "id": "97619612-3671-438a-9646-0d9f53dac199",
        "timestamp": "2026-01-09T13:17:58.798946",
        "agent": "Judge",
        "model": "N/A",
        "action": "CODE_ANALYSIS",
        "details": {
            "input_prompt": "pytest /tmp/refactor_test_04v7heu9/tests -v",
            "output_response": "pytest not found. Please install pytest.",
            "passed": 0,
            "failed": 0,
            "errors": 1,
            "success": false
        },
        "status": "SUCCESS"
    },
    {
        "id": "1a7b96e7-69e2-487e-b561-6fffecb5558d",
        "timestamp": "2026-01-09T13:17:58.819180",
        "agent": "Auditor",
        "model": "N/A",
        "action": "CODE_ANALYSIS",
        "details": {
            "input_prompt": "list_directory('.', '/tmp/refactor_test_u6k3spj9', '*.py')",
            "output_response": "Found 1 Python files: ['/tmp/refactor_test_u6k3spj9/buggy.py']",
            "files_found": 1
        },
        "status": "SUCCESS"
    },
    {
        "id": "36a807bf-e9b6-4c88-890d-35b617dbd2ef",
        "timestamp": "2026-01-09T13:17:58.843788",
        "agent": "TestAgent",
        "model": "mock-gemini-1.5-flash",
        "action": "CODE_ANALYSIS",
        "details": {
            "input_prompt": "[SYSTEM]\nsystem\n\n[USER]\nuser",
            "output_response": "Mock response"
        },
        "status": "SUCCESS"
    },
    {
        "id": "d123d317-39ef-4504-a371-e3bfb3c4a917",
        "timestamp": "2026-01-09T13:17:58.865706",
        "agent": "Fixer",
        "model": "N/A",
        "action": "FIX",
        "details": {
            "input_prompt": "write_file('../../../etc/passwd', ...)",
            "output_response": "ERROR: Security violation: Path '../../../etc/passwd' is outside sandbox '/tmp/refactor_test_yrr595gl'",
            "file": "../../../etc/passwd",
            "error": "Security violation: Path '../../../etc/passwd' is outside sandbox '/tmp/refactor_test_yrr595gl'"
        },
        "status": "FAILURE"
    },
    {
        "id": "81ddfa11-4761-413d-8d45-d94f8128845e",
        "timestamp": "2026-01-09T13:18:17.476434",
        "agent": "Judge",
        "model": "N/A",
        "action": "CODE_GEN",
        "details": {
            "input_prompt": "write_file('tests/test_calculator.py', ...)",
            "output_response": "Test file created: tests/test_calculator.py",
            "test_file": "tests/test_calculator.py"
        },
        "status": "SUCCESS"
    },
    {
        "id": "90d8ad9b-e0f2-4167-b0a2-7df3c0523de4",
        "timestamp": "2026-01-09T13:18:17.487003",
        "agent": "Judge",
        "model": "N/A",
        "action": "CODE_GEN",
        "details": {
            "input_prompt": "write_file('tests/test_module_a.py', ...)",
            "output_response": "Test file created: tests/test_module_a.py",
            "test_file": "tests/test_module_a.py"
        },
        "status": "SUCCESS"
    },
    {
        "id": "52698e0d-6785-41b1-9539-f048510bcf6e",
        "timestamp": "2026-01-09T13:18:17.490893",
        "agent": "Judge",
        "model": "N/A",
        "action": "CODE_GEN",
        "details": {
            "input_prompt": "write_file('tests/test_module_b.py', ...)",
            "output_response": "Test file created: tests/test_module_b.py",
            "test_file": "tests/test_module_b.py"
        },
        "status": "SUCCESS"
    },
    {
        "id": "ab4a7860-e9c7-4a37-9bef-a5e21c04fe53",
        "timestamp": "2026-01-09T13:18:17.506693",
        "agent": "TestAgent",
        "model": "mock-gemini-1.5-flash",
        "action": "CODE_ANALYSIS",
        "details": {
            "input_prompt": "[SYSTEM]\nsystem prompt\n\n[USER]\nuser prompt",
            "output_response": "Mock response"
        },
        "status": "SUCCESS"
    },
    {
        "id": "4be21e18-63cf-4003-9837-79121cdd77cf",
        "timestamp": "2026-01-09T13:18:17.717097",
        "agent": "TestAgent",
        "model": "N/A",
        "action": "CODE_ANALYSIS",
        "details": {
            "input_prompt": "pylint file.py",
            "output_response": "Score: 8/10"
        },
        "status": "SUCCESS"
    },
    {
        "id": "cbd8281f-5121-4b38-a0f4-abf4eceae723",
        "timestamp": "2026-01-09T13:18:17.987882",
        "agent": "Auditor",
        "model": "N/A",
        "action": "CODE_ANALYSIS",
        "details": {
            "input_prompt": "list_directory('.', '/tmp/refactor_test_9wn83chi', '*.py')",
            "output_response": "Found 1 Python files: ['/tmp/refactor_test_9wn83chi/buggy.py']",
            "files_found": 1
        },
        "status": "SUCCESS"
    },
    {
        "id": "eed9a5e0-1360-44c3-b0fb-2a8aa1ed427e",
        "timestamp": "2026-01-09T13:18:17.991206",
        "agent": "Auditor",
        "model": "N/A",
        "action": "CODE_ANALYSIS",
        "details": {
            "input_prompt": "pylint /tmp/refactor_test_9wn83chi/buggy.py --output-format=json",
            "output_response": "Pylint Score: 0.0/10\n\nIssues Found:\n  - [UNKNOWN] Line ?:? (): Pylint not found. Please install pylint.",
            "file_analyzed": "/tmp/refactor_test_9wn83chi/buggy.py",
            "pylint_score": 0.0,
            "issues_count": 1
        },
        "status": "SUCCESS"
    },
    {
        "id": "d566a265-8a94-4c4c-a141-86929d4e4298",
        "timestamp": "2026-01-09T13:18:17.993288",
        "agent": "Auditor",
        "model": "mock-gemini",
        "action": "CODE_ANALYSIS",
        "details": {
            "input_prompt": "[SYSTEM]\nYou are The Auditor, an expert Python code analyst. Your mission is to analyze code and produce a detailed refactoring plan.\n\n## Your Capabilities\n- Deep understanding of Python best practices (PEP 8, PEP 257)\n- Static analysis interpretation (Pylint)\n- Bug pattern recognition\n- Code smell detection\n\n## Your Task\n1. Analyze all Python files provided\n2. Review Pylint output for each file\n3. Identify issues in these categories:\n   - SYNTAX_ERROR: Code that won't parse\n   - BUG: Logic errors, potential runtime failures\n   - NAMING_VIOLATION: Non-PEP8 names\n   - MISSING_DOCSTRING: Undocumented modules/classes/functions\n   - UNUSED_CODE: Unused imports, variables, functions\n   - COMPLEXITY: Overly complex code\n   - TYPE_HINT: Missing type annotations\n\n## Output Format\nYou MUST output a structured Markdown plan following this exact format:\n\n```markdown\n# Refactoring Plan\n\n## Summary\n- **Files Analyzed**: <count>\n- **Total Issues Found**: <count>\n- **Pylint Baseline Score**: <score>/10\n\n## File: <path>\n\n### Issue <N>: <Title> (Line <line_number>)\n- **Type**: `<ISSUE_TYPE>`\n- **Severity**: High | Medium | Low\n- **Location**: <specific location>\n- **Description**: <what's wrong>\n- **Suggested Fix**: <how to fix>\n```\n\n## Rules\n- Be thorough but prioritize HIGH severity issues\n- Always include line numbers\n- Provide actionable fix suggestions\n- Do not modify any files yourself\n- Output ONLY the Markdown plan, no other text\n\n## CRITICAL: Bug Detection\nPay special attention to:\n1. Division by zero vulnerabilities\n2. Off-by-one errors\n3. Incorrect operator usage (+ instead of -, etc.)\n4. Functions that don't match their names (e.g., a function named \"average\" that returns sum)\n5. Missing return statements\n6. Incorrect conditional logic\n\n\n[USER]\n## Target Directory: /tmp/refactor_test_9wn83chi\n## Files to Analyze: 1\n## Pylint Baseline Score: 0.00/10\n\n### File: /tmp/refactor_test_9wn83chi/buggy.py\n#### Content:\n```python\n   1 | def calculate_average(numbers):\n   2 |     return sum(numbers)\n   3 | \n   4 | def divide(a, b):\n   5 |     return a / b\n   6 | \n   7 | def find_maximum(values):\n   8 |     return min(values)\n   9 | \n```\n#### Pylint Analysis:\nPylint Score: 0.0/10\n\nIssues Found:\n  - [UNKNOWN] Line ?:? (): Pylint not found. Please install pylint.\n",
            "output_response": "# Refactoring Plan\n\n## Summary\n- **Files Analyzed**: 1\n- **Total Issues Found**: 3\n- **Pylint Baseline Score**: 2.5/10\n\n## File: buggy.py\n\n### Issue 1: Logic Bug\n- **Type**: BUG\n- **Severity**: High\n- **Description**: calculate_average returns sum not mean\n",
            "files_analyzed": [
                "/tmp/refactor_test_9wn83chi/buggy.py"
            ],
            "pylint_baseline": 0.0
        },
        "status": "SUCCESS"
    },
    {
        "id": "4a03906a-7c57-4ee4-9e14-10a84bce3e7e",
        "timestamp": "2026-01-09T13:18:18.007520",
        "agent": "Judge",
        "model": "mock-gemini",
        "action": "CODE_GEN",
        "details": {
            "input_prompt": "[SYSTEM]\nYou are The Judge, an expert test engineer. Your mission is to CREATE unit tests that validate code correctness using TDD principles.\n\n## CRITICAL CONTEXT\nThe code you are testing may have NO existing tests. You must GENERATE tests based on The Auditor's refactoring plan. Your tests should:\n1. FAIL on the current buggy code (proving the bug exists)\n2. PASS once The Fixer corrects the code\n\n## CRITICAL: Functional Correctness (Mandatory)\n\nYou MUST test the BUSINESS LOGIC, not just error handling!\n\n### Semantic Analysis Process:\n1. Read the function NAME to understand its INTENT\n2. Generate tests that verify the function produces CORRECT results\n3. Don't just test edge cases - test the CORE functionality\n\n### Examples:\n- Function name: `calculate_average` → Intent: Calculate the MEAN (sum divided by count)\n  Test: `assert calculate_average([10, 20]) == 15`  # NOT 30!\n\n- Function name: `find_maximum` → Intent: Find the largest value\n  Test: `assert find_maximum([1, 5, 3]) == 5`\n\n- Function name: `count_words` → Intent: Count words in text\n  Test: `assert count_words(\"hello world\") == 2`\n\nIf the code returns wrong values, your test MUST catch this!\n\n## Your Capabilities\n- Expert in pytest and Python testing\n- Understanding of TDD (Test-Driven Development)\n- Ability to write tests that expose specific bugs\n- Semantic analysis of function names to infer intent\n\n## Your Task\n1. Read The Auditor's refactoring plan\n2. Read the source code files\n3. For each identified bug/issue, write a test that:\n   - Tests the EXPECTED correct behavior\n   - Will FAIL on buggy code\n   - Will PASS on correct code\n4. Output the complete test file\n\n## Test Generation Rules\n- One test file per source module\n- Use descriptive test names: `test_<function>_<scenario>`\n- Include both positive tests (expected behavior) and edge cases\n- Keep tests simple and focused\n- Add docstrings explaining what each test validates\n- Import from the correct module path\n\n## Output Format\nOutput test files using this EXACT format:\n\n### FILE: tests/test_<module>.py\n```python\n\"\"\"Generated tests for <module>.py\"\"\"\nimport pytest\nimport sys\nimport os\n\n# Add parent directory to path for imports\nsys.path.insert(0, os.path.dirname(os.path.dirname(os.path.abspath(__file__))))\n\nfrom <module> import <functions>\n\n\nclass Test<ClassName>:\n    \"\"\"Tests for <ClassName> functionality.\"\"\"\n\n    def test_<function>_normal_case(self):\n        \"\"\"Test that <function> works for normal inputs.\"\"\"\n        # Arrange\n        input_value = ...\n        expected = ...\n\n        # Act\n        result = <function>(input_value)\n\n        # Assert\n        assert result == expected\n```\n\n## Example: Testing calculate_average\n```python\n\"\"\"Generated tests for math_utils.py - Tests FUNCTIONAL CORRECTNESS\"\"\"\nimport pytest\nimport sys\nimport os\n\nsys.path.insert(0, os.path.dirname(os.path.dirname(os.path.abspath(__file__))))\n\nfrom math_utils import calculate_average\n\n\nclass TestCalculateAverage:\n    \"\"\"Tests for calculate_average() function.\"\"\"\n\n    def test_calculate_average_returns_mean_not_sum(self):\n        \"\"\"\n        CRITICAL: Test that function returns MEAN, not SUM.\n        Function name 'calculate_average' implies division by count.\n        \"\"\"\n        assert calculate_average([10, 20]) == 15.0\n\n    def test_calculate_average_single_element(self):\n        \"\"\"Test average of single element equals that element.\"\"\"\n        assert calculate_average([42]) == 42.0\n\n    def test_calculate_average_multiple_elements(self):\n        \"\"\"Test average calculation with multiple elements.\"\"\"\n        assert calculate_average([1, 2, 3, 4, 5]) == 3.0\n\n    def test_calculate_average_empty_list_raises(self):\n        \"\"\"Test that empty list raises appropriate error.\"\"\"\n        with pytest.raises((ValueError, ZeroDivisionError)):\n            calculate_average([])\n```\n\n## Rules\n- Generate tests BEFORE fixes are applied\n- Tests should be runnable with `pytest`\n- Do not test implementation details, test behavior\n- Create `tests/__init__.py` if needed\n- Always include sys.path setup for imports\n\n\n[USER]\n# Refactoring Plan (Issues to Test)\n# Plan\n## Bug: returns sum not average\n\n# Source Files to Test\n## File: /tmp/refactor_test_qxc45kt2/buggy.py (module: buggy)\n```python\n   1 | def calculate_average(numbers):\n   2 |     return sum(numbers)\n   3 | \n   4 | def divide(a, b):\n   5 |     return a / b\n   6 | \n   7 | def find_maximum(values):\n   8 |     return min(values)\n   9 | \n```\n\n# Instructions\nGenerate pytest tests that:\n1. Test the CORRECT expected behavior (based on function names)\n2. Will FAIL on the buggy code shown above\n3. Will PASS once the code is fixed correctly\n\nFocus especially on testing BUSINESS LOGIC, not just error handling.",
            "output_response": "\n### FILE: tests/test_buggy.py\n```python\nimport pytest\nfrom buggy import calculate_average\n\ndef test_calculate_average_returns_mean():\n    assert calculate_average([10, 20]) == 15.0\n```\n",
            "source_files": [
                "/tmp/refactor_test_qxc45kt2/buggy.py"
            ],
            "mode": "generate_tests"
        },
        "status": "SUCCESS"
    },
    {
        "id": "d4f883aa-f665-4dcd-8d15-47b6cdf24273",
        "timestamp": "2026-01-09T13:18:18.011035",
        "agent": "Judge",
        "model": "N/A",
        "action": "CODE_GEN",
        "details": {
            "input_prompt": "write_file('tests/test_buggy.py', ...)",
            "output_response": "Test file created: tests/test_buggy.py",
            "test_file": "tests/test_buggy.py"
        },
        "status": "SUCCESS"
    },
    {
        "id": "813fcc5c-4209-47b4-9475-5a8d720d9772",
        "timestamp": "2026-01-09T13:18:18.040348",
        "agent": "Fixer",
        "model": "mock-gemini",
        "action": "FIX",
        "details": {
            "input_prompt": "[SYSTEM]\nYou are The Fixer, an expert Python developer. Your mission is to repair code based on the refactoring plan.\n\n## Your Capabilities\n- Expert Python programming\n- Bug fixing\n- Code refactoring\n- Following coding standards\n\n## Your Task\n1. Read the refactoring plan from The Auditor\n2. Read any error logs from The Judge (if this is a retry)\n3. For each file with issues:\n   a. Read the current file content\n   b. Apply the necessary fixes\n   c. Output the COMPLETE fixed file\n\n## Input Context\nYou will receive:\n- The refactoring plan (Markdown)\n- The current file content\n- Previous error logs (if any)\n\n## Output Format\nFor each file you fix, output using this EXACT format:\n\n```\n### FILE: <path>\n```python\n<complete file content with all fixes applied>\n```\n```\n\nIMPORTANT: Output the COMPLETE file content between the triple backticks.\nDo not use any other markers or formats.\n\n## Rules\n- Output the COMPLETE file content, not just changes\n- Fix ALL issues mentioned in the plan for that file\n- Maintain the original code's functionality\n- Follow PEP 8 style guidelines\n- Add docstrings where missing\n- Add type hints where appropriate\n- If error logs mention a specific failure, prioritize fixing that\n- If you cannot fix something, leave a TODO comment explaining why\n\n## Error Recovery\nIf you receive error logs from The Judge:\n1. Parse the error message carefully\n2. Identify the root cause\n3. Apply a DIFFERENT fix than previous attempts\n4. Focus on making the failing test pass\n\n## CRITICAL: Logic Bug Fixes\nWhen fixing logic bugs:\n1. Understand the INTENT from function/variable names\n2. A function named \"calculate_average\" should return sum/count, not just sum\n3. A function named \"find_maximum\" should return the largest value\n4. Always verify your fix matches the expected behavior from the test error\n\n## Example Output:\n\n### FILE: src/calculator.py\n```python\n\"\"\"Calculator module providing basic math operations.\"\"\"\n\n\ndef add(a: int, b: int) -> int:\n    \"\"\"Add two numbers and return the result.\"\"\"\n    return a + b\n\n\ndef divide(a: float, b: float) -> float:\n    \"\"\"\n    Divide a by b.\n    \n    Raises:\n        ValueError: If b is zero.\n    \"\"\"\n    if b == 0:\n        raise ValueError(\"Cannot divide by zero\")\n    return a / b\n```\n\n\n[USER]\n# Refactoring Plan\n# Plan\n## Fix all bugs\n\n# Current File Contents\n## File: /tmp/refactor_test_nkf6pzw5/buggy.py\n```python\ndef calculate_average(numbers):\n    return sum(numbers)\n\ndef divide(a, b):\n    return a / b\n\ndef find_maximum(values):\n    return min(values)\n\n```\n\n# Instructions\nPlease fix all issues in the files above.\nOutput COMPLETE fixed files using the format specified.",
            "output_response": "\n### FILE: buggy.py\n```python\ndef calculate_average(numbers):\n    if not numbers:\n        raise ValueError(\"Cannot calculate average of empty list\")\n    return sum(numbers) / len(numbers)\n\ndef divide(a, b):\n    if b == 0:\n        raise ValueError(\"Cannot divide by zero\")\n    return a / b\n\ndef find_maximum(values):\n    if not values:\n        raise ValueError(\"Cannot find maximum of empty list\")\n    return max(values)\n```\n",
            "files_to_fix": [
                "/tmp/refactor_test_nkf6pzw5/buggy.py"
            ],
            "has_error_logs": false
        },
        "status": "SUCCESS"
    },
    {
        "id": "86aec64d-71af-49fc-b9ce-de072bf0c37f",
        "timestamp": "2026-01-09T13:18:18.044784",
        "agent": "Fixer",
        "model": "N/A",
        "action": "FIX",
        "details": {
            "input_prompt": "write_file('buggy.py', ...)",
            "output_response": "File buggy.py updated (389 bytes)",
            "file_modified": "buggy.py"
        },
        "status": "SUCCESS"
    },
    {
        "id": "0debd1d1-54d4-4588-981e-a6a63b118c63",
        "timestamp": "2026-01-09T13:18:18.053627",
        "agent": "Fixer",
        "model": "N/A",
        "action": "CODE_ANALYSIS",
        "details": {
            "input_prompt": "pylint /tmp/refactor_test_nkf6pzw5/buggy.py (verification)",
            "output_response": "Pylint Score: 0.0/10\n\nIssues Found:\n  - [UNKNOWN] Line ?:? (): Pylint not found. Please install pylint.",
            "file": "/tmp/refactor_test_nkf6pzw5/buggy.py",
            "score": 0.0
        },
        "status": "SUCCESS"
    },
    {
        "id": "8ce85a15-dac4-43ab-9576-759195181386",
        "timestamp": "2026-01-09T13:18:18.068607",
        "agent": "Judge",
        "model": "N/A",
        "action": "CODE_ANALYSIS",
        "details": {
            "input_prompt": "pytest /tmp/refactor_test_a8c9g3ku/tests -v",
            "output_response": "pytest not found. Please install pytest.",
            "passed": 0,
            "failed": 0,
            "errors": 1,
            "success": false
        },
        "status": "SUCCESS"
    },
    {
        "id": "b7826a38-8328-4a50-a352-7b34d6003030",
        "timestamp": "2026-01-09T13:18:18.087314",
        "agent": "Auditor",
        "model": "N/A",
        "action": "CODE_ANALYSIS",
        "details": {
            "input_prompt": "list_directory('.', '/tmp/refactor_test_rxwe4f7u', '*.py')",
            "output_response": "Found 1 Python files: ['/tmp/refactor_test_rxwe4f7u/buggy.py']",
            "files_found": 1
        },
        "status": "SUCCESS"
    },
    {
        "id": "1504491f-8395-47d4-9ede-7c37e5f5b098",
        "timestamp": "2026-01-09T13:18:18.099591",
        "agent": "TestAgent",
        "model": "mock-gemini-1.5-flash",
        "action": "CODE_ANALYSIS",
        "details": {
            "input_prompt": "[SYSTEM]\nsystem\n\n[USER]\nuser",
            "output_response": "Mock response"
        },
        "status": "SUCCESS"
    },
    {
        "id": "7be56230-41a6-4e92-a20d-8dbc8c1bd666",
        "timestamp": "2026-01-09T13:18:18.119458",
        "agent": "Fixer",
        "model": "N/A",
        "action": "FIX",
        "details": {
            "input_prompt": "write_file('../../../etc/passwd', ...)",
            "output_response": "ERROR: Security violation: Path '../../../etc/passwd' is outside sandbox '/tmp/refactor_test_g1zjrz78'",
            "file": "../../../etc/passwd",
            "error": "Security violation: Path '../../../etc/passwd' is outside sandbox '/tmp/refactor_test_g1zjrz78'"
        },
        "status": "FAILURE"
    },
    {
        "id": "6e4b808e-d513-4c8f-a68c-b209c1a7214f",
        "timestamp": "2026-01-09T13:18:40.984432",
        "agent": "TestAgent",
        "model": "mock-gemini-1.5-flash",
        "action": "CODE_ANALYSIS",
        "details": {
            "input_prompt": "[SYSTEM]\nsystem prompt\n\n[USER]\nuser prompt",
            "output_response": "Mock response"
        },
        "status": "SUCCESS"
    },
    {
        "id": "33c47d8d-a6f7-4060-949c-61b95b3d01fe",
        "timestamp": "2026-01-09T13:18:41.204965",
        "agent": "TestAgent",
        "model": "N/A",
        "action": "CODE_ANALYSIS",
        "details": {
            "input_prompt": "pylint file.py",
            "output_response": "Score: 8/10"
        },
        "status": "SUCCESS"
    },
    {
        "id": "245b8966-edb1-46cb-9687-d8e610ebc430",
        "timestamp": "2026-01-09T13:18:58.951906",
        "agent": "TestAgent",
        "model": "mock-gemini-1.5-flash",
        "action": "CODE_ANALYSIS",
        "details": {
            "input_prompt": "[SYSTEM]\nsystem prompt\n\n[USER]\nuser prompt",
            "output_response": "Mock response"
        },
        "status": "SUCCESS"
    }
]